<?xml version="1.0" encoding="UTF-8"?>
<!-- Generated by org.testng.reporters.JUnitReportReporter -->
<testsuite skipped="0" hostname="in-debas.local" name="com.AutomationTalks.demoProject1.TestClass1" tests="3" failures="0" timestamp="24 Dec 2019 06:33:52 GMT" time="17.217" errors="0">
  <testcase name="Test1" time="7.148" classname="com.AutomationTalks.demoProject1.TestClass1"/>
  <testcase name="Test2" time="5.353" classname="com.AutomationTalks.demoProject1.TestClass1"/>
  <testcase name="Test3" time="4.716" classname="com.AutomationTalks.demoProject1.TestClass1"/>
</testsuite> <!-- com.AutomationTalks.demoProject1.TestClass1 -->
