<?xml version="1.0" encoding="UTF-8"?>
<!-- Generated by org.testng.reporters.JUnitReportReporter -->
<testsuite skipped="0" hostname="in-debas.local" name="com.AutomationTalks.demoProject1.TestClass1" tests="3" failures="0" timestamp="17 Dec 2019 06:32:05 GMT" time="23.936" errors="0">
  <testcase name="Test1" time="6.320" classname="com.AutomationTalks.demoProject1.TestClass1"/>
  <testcase name="Test2" time="12.686" classname="com.AutomationTalks.demoProject1.TestClass1"/>
  <testcase name="Test3" time="4.930" classname="com.AutomationTalks.demoProject1.TestClass1"/>
</testsuite> <!-- com.AutomationTalks.demoProject1.TestClass1 -->
